<?xml version="1.0" encoding="UTF-8"?>
<testng-results skipped="0" failed="0" ignored="0" total="1" passed="1">
  <reporter-output>
  </reporter-output>
  <suite name="Default suite" duration-ms="12285" started-at="2022-12-08T11:52:34 IST" finished-at="2022-12-08T11:52:46 IST">
    <groups>
    </groups>
    <test name="Default test" duration-ms="12285" started-at="2022-12-08T11:52:34 IST" finished-at="2022-12-08T11:52:46 IST">
      <class name="com.api.Tests.LoginAPITest">
        <test-method status="PASS" signature="commonRequestConfiguration()[pri:0, instance:com.api.Tests.LoginAPITest@245b4bdc]" name="commonRequestConfiguration" is-config="true" duration-ms="428" started-at="2022-12-08T11:52:34 IST" finished-at="2022-12-08T11:52:34 IST">
          <reporter-output>
          </reporter-output>
        </test-method> <!-- commonRequestConfiguration -->
        <test-method status="PASS" signature="testGuestLoginAPI()[pri:0, instance:com.api.Tests.LoginAPITest@245b4bdc]" name="testGuestLoginAPI" duration-ms="11728" started-at="2022-12-08T11:52:34 IST" finished-at="2022-12-08T11:52:46 IST">
          <reporter-output>
          </reporter-output>
        </test-method> <!-- testGuestLoginAPI -->
      </class> <!-- com.api.Tests.LoginAPITest -->
    </test> <!-- Default test -->
  </suite> <!-- Default suite -->
</testng-results>
